C:\Program Files (x86)\Microsoft Visual Studio\2017\Enterprise\Common7\IDE\VC\VCTargets\Microsoft.CppBuild.targets(391,5): warning MSB8028: The intermediate directory (Debug\) contains files shared from another project (SFML SSM.vcxproj).  This can lead to incorrect clean and rebuild behavior.
  Coin.cpp
  Enemy.cpp
c:\users\thoma\desktop\solution files - vs2017 original\enemy.cpp(74): warning C4244: 'argument': conversion from 'int' to 'float', possible loss of data
c:\users\thoma\desktop\solution files - vs2017 original\enemy.cpp(85): warning C4244: 'argument': conversion from 'int' to 'float', possible loss of data
  Game.cpp
c:\users\thoma\desktop\solution files - vs2017 original\game.cpp(69): warning C4477: 'printf' : format string '%s' requires an argument of type 'char *', but variadic argument 1 has type 'std::string'
c:\users\thoma\desktop\solution files - vs2017 original\game.cpp(69): warning C4477: 'printf' : format string '%s' requires an argument of type 'char *', but variadic argument 2 has type 'std::string'
c:\users\thoma\desktop\solution files - vs2017 original\game.cpp(78): warning C4477: 'printf' : format string '%s' requires an argument of type 'char *', but variadic argument 1 has type 'std::string'
c:\users\thoma\desktop\solution files - vs2017 original\game.cpp(78): warning C4477: 'printf' : format string '%s' requires an argument of type 'char *', but variadic argument 2 has type 'std::string'
  GameScene.cpp
c:\users\thoma\desktop\solution files - vs2017 original\gamescene.cpp(61): warning C4244: '=': conversion from 'unsigned int' to 'float', possible loss of data
c:\users\thoma\desktop\solution files - vs2017 original\gamescene.cpp(109): warning C4244: '=': conversion from 'float' to 'int', possible loss of data
c:\users\thoma\desktop\solution files - vs2017 original\gamescene.cpp(202): warning C4244: 'argument': conversion from 'sf::Int64' to 'int', possible loss of data
c:\users\thoma\desktop\solution files - vs2017 original\gamescene.cpp(319): warning C4244: 'argument': conversion from 'int' to 'float', possible loss of data
c:\users\thoma\desktop\solution files - vs2017 original\gamescene.cpp(324): warning C4244: 'argument': conversion from 'int' to 'float', possible loss of data
c:\users\thoma\desktop\solution files - vs2017 original\gamescene.cpp(328): warning C4244: 'argument': conversion from 'int' to 'float', possible loss of data
c:\users\thoma\desktop\solution files - vs2017 original\gamescene.cpp(331): warning C4244: 'argument': conversion from 'int' to 'float', possible loss of data
c:\users\thoma\desktop\solution files - vs2017 original\gamescene.cpp(335): warning C4244: 'argument': conversion from 'int' to 'float', possible loss of data
  Main.cpp
  MenuScene.cpp
  Obstacle.cpp
  SceneStart.cpp
  Player.cpp
c:\users\thoma\desktop\solution files - vs2017 original\player.cpp(60): warning C4244: 'argument': conversion from 'int' to 'float', possible loss of data
c:\users\thoma\desktop\solution files - vs2017 original\player.cpp(70): warning C4244: 'argument': conversion from 'int' to 'float', possible loss of data
  Generating Code...
  SFML SSM.vcxproj -> C:\Users\thoma\Desktop\Solution Files - VS2017 Original\Debug\DuffPac SFML.exe
